# JRE version: Java(TM) SE Runtime Environment (8.0_101-b13) (build 1.8.0_101-b13)
# Java VM: Java HotSpot(TM) 64-Bit Server VM (25.101-b13 mixed mode linux-amd64 compressed oops)
Heap:
 PSYoungGen      total 453632K, used 0K [0x00000000d6780000, 0x0000000100000000, 0x0000000100000000)
  eden space 226816K, 0% used [0x00000000d6780000,0x00000000d6780000,0x00000000e4500000)
  from space 226816K, 0% used [0x00000000f2280000,0x00000000f2280000,0x0000000100000000)
  to   space 226816K, 0% used [0x00000000e4500000,0x00000000e4500000,0x00000000f2280000)
 ParOldGen       total 975872K, used 917004K [0x0000000083600000, 0x00000000bef00000, 0x00000000d6780000)
  object space 975872K, 93% used [0x0000000083600000,0x00000000bb583040,0x00000000bef00000)
 Metaspace       used 358200K, capacity 484076K, committed 484140K, reserved 1396736K
  class space    used 94435K, capacity 136498K, committed 136544K, reserved 1048576K
GC Heap History (10 events):
Event: 534.115 GC heap after
Heap after GC invocations=94 (full 8):
 PSYoungGen      total 453632K, used 81354K [0x00000000d6780000, 0x0000000100000000, 0x0000000100000000)
  eden space 226816K, 0% used [0x00000000d6780000,0x00000000d6780000,0x00000000e4500000)
  from space 226816K, 35% used [0x00000000f2280000,0x00000000f71f29d8,0x0000000100000000)
  to   space 226816K, 0% used [0x00000000e4500000,0x00000000e4500000,0x00000000f2280000)
 ParOldGen       total 975872K, used 783347K [0x0000000083600000, 0x00000000bef00000, 0x00000000d6780000)
  object space 975872K, 80% used [0x0000000083600000,0x00000000b32fce18,0x00000000bef00000)
 Metaspace       used 358128K, capacity 484056K, committed 484140K, reserved 1396736K
  class space    used 94437K, capacity 136502K, committed 136544K, reserved 1048576K
}
Event: 535.312 GC heap before
{Heap before GC invocations=95 (full 8):
 PSYoungGen      total 453632K, used 308170K [0x00000000d6780000, 0x0000000100000000, 0x0000000100000000)
  eden space 226816K, 100% used [0x00000000d6780000,0x00000000e4500000,0x00000000e4500000)
  from space 226816K, 35% used [0x00000000f2280000,0x00000000f71f29d8,0x0000000100000000)
  to   space 226816K, 0% used [0x00000000e4500000,0x00000000e4500000,0x00000000f2280000)
 ParOldGen       total 975872K, used 783347K [0x0000000083600000, 0x00000000bef00000, 0x00000000d6780000)
  object space 975872K, 80% used [0x0000000083600000,0x00000000b32fce18,0x00000000bef00000)
 Metaspace       used 358169K, capacity 484064K, committed 484140K, reserved 1396736K
  class space    used 94437K, capacity 136502K, committed 136544K, reserved 1048576K
Event: 535.371 GC heap after
Heap after GC invocations=95 (full 8):
 PSYoungGen      total 453632K, used 52322K [0x00000000d6780000, 0x0000000100000000, 0x0000000100000000)
  eden space 226816K, 0% used [0x00000000d6780000,0x00000000d6780000,0x00000000e4500000)
  from space 226816K, 23% used [0x00000000e4500000,0x00000000e7818a48,0x00000000f2280000)
  to   space 226816K, 0% used [0x00000000f2280000,0x00000000f2280000,0x0000000100000000)
 ParOldGen       total 975872K, used 831313K [0x0000000083600000, 0x00000000bef00000, 0x00000000d6780000)
  object space 975872K, 85% used [0x0000000083600000,0x00000000b61d46c8,0x00000000bef00000)
 Metaspace       used 358169K, capacity 484064K, committed 484140K, reserved 1396736K
  class space    used 94437K, capacity 136502K, committed 136544K, reserved 1048576K
}
Event: 536.503 GC heap before
{Heap before GC invocations=96 (full 8):
 PSYoungGen      total 453632K, used 279138K [0x00000000d6780000, 0x0000000100000000, 0x0000000100000000)
  eden space 226816K, 100% used [0x00000000d6780000,0x00000000e4500000,0x00000000e4500000)
  from space 226816K, 23% used [0x00000000e4500000,0x00000000e7818a48,0x00000000f2280000)
  to   space 226816K, 0% used [0x00000000f2280000,0x00000000f2280000,0x0000000100000000)
 ParOldGen       total 975872K, used 831313K [0x0000000083600000, 0x00000000bef00000, 0x00000000d6780000)
  object space 975872K, 85% used [0x0000000083600000,0x00000000b61d46c8,0x00000000bef00000)
 Metaspace       used 358193K, capacity 484084K, committed 484140K, reserved 1396736K
  class space    used 94437K, capacity 136502K, committed 136544K, reserved 1048576K
Event: 536.538 GC heap after
Heap after GC invocations=96 (full 8):
 PSYoungGen      total 453632K, used 43534K [0x00000000d6780000, 0x0000000100000000, 0x0000000100000000)
  eden space 226816K, 0% used [0x00000000d6780000,0x00000000d6780000,0x00000000e4500000)
  from space 226816K, 19% used [0x00000000f2280000,0x00000000f4d03850,0x0000000100000000)
  to   space 226816K, 0% used [0x00000000e4500000,0x00000000e4500000,0x00000000f2280000)
 ParOldGen       total 975872K, used 852538K [0x0000000083600000, 0x00000000bef00000, 0x00000000d6780000)
  object space 975872K, 87% used [0x0000000083600000,0x00000000b768e900,0x00000000bef00000)
 Metaspace       used 358193K, capacity 484084K, committed 484140K, reserved 1396736K
  class space    used 94437K, capacity 136502K, committed 136544K, reserved 1048576K
}
Event: 537.890 GC heap before
{Heap before GC invocations=97 (full 8):
 PSYoungGen      total 453632K, used 270350K [0x00000000d6780000, 0x0000000100000000, 0x0000000100000000)
  eden space 226816K, 100% used [0x00000000d6780000,0x00000000e4500000,0x00000000e4500000)
  from space 226816K, 19% used [0x00000000f2280000,0x00000000f4d03850,0x0000000100000000)
  to   space 226816K, 0% used [0x00000000e4500000,0x00000000e4500000,0x00000000f2280000)
 ParOldGen       total 975872K, used 852541K [0x0000000083600000, 0x00000000bef00000, 0x00000000d6780000)
  object space 975872K, 87% used [0x0000000083600000,0x00000000b768f410,0x00000000bef00000)
 Metaspace       used 358196K, capacity 484084K, committed 484140K, reserved 1396736K
  class space    used 94437K, capacity 136502K, committed 136544K, reserved 1048576K
Event: 537.937 GC heap after
Heap after GC invocations=97 (full 8):
 PSYoungGen      total 453632K, used 30908K [0x00000000d6780000, 0x0000000100000000, 0x0000000100000000)
  eden space 226816K, 0% used [0x00000000d6780000,0x00000000d6780000,0x00000000e4500000)
  from space 226816K, 13% used [0x00000000e4500000,0x00000000e632f078,0x00000000f2280000)
  to   space 226816K, 0% used [0x00000000f2280000,0x00000000f2280000,0x0000000100000000)
 ParOldGen       total 975872K, used 882516K [0x0000000083600000, 0x00000000bef00000, 0x00000000d6780000)
  object space 975872K, 90% used [0x0000000083600000,0x00000000b93d52f8,0x00000000bef00000)
 Metaspace       used 358196K, capacity 484084K, committed 484140K, reserved 1396736K
  class space    used 94437K, capacity 136502K, committed 136544K, reserved 1048576K
}
Event: 539.058 GC heap before
{Heap before GC invocations=98 (full 8):
 PSYoungGen      total 453632K, used 257724K [0x00000000d6780000, 0x0000000100000000, 0x0000000100000000)
  eden space 226816K, 100% used [0x00000000d6780000,0x00000000e4500000,0x00000000e4500000)
  from space 226816K, 13% used [0x00000000e4500000,0x00000000e632f078,0x00000000f2280000)
  to   space 226816K, 0% used [0x00000000f2280000,0x00000000f2280000,0x0000000100000000)
 ParOldGen       total 975872K, used 882518K [0x0000000083600000, 0x00000000bef00000, 0x00000000d6780000)
  object space 975872K, 90% used [0x0000000083600000,0x00000000b93d5a28,0x00000000bef00000)
 Metaspace       used 358206K, capacity 484088K, committed 484140K, reserved 1396736K
  class space    used 94437K, capacity 136502K, committed 136544K, reserved 1048576K
Event: 539.103 GC heap after
Heap after GC invocations=98 (full 8):
 PSYoungGen      total 453632K, used 8259K [0x00000000d6780000, 0x0000000100000000, 0x0000000100000000)
  eden space 226816K, 0% used [0x00000000d6780000,0x00000000d6780000,0x00000000e4500000)
  from space 226816K, 3% used [0x00000000f2280000,0x00000000f2a90ef0,0x0000000100000000)
  to   space 226816K, 0% used [0x00000000e4500000,0x00000000e4500000,0x00000000f2280000)
 ParOldGen       total 975872K, used 912729K [0x0000000083600000, 0x00000000bef00000, 0x00000000d6780000)
  object space 975872K, 93% used [0x0000000083600000,0x00000000bb156698,0x00000000bef00000)
 Metaspace       used 358206K, capacity 484088K, committed 484140K, reserved 1396736K
  class space    used 94437K, capacity 136502K, committed 136544K, reserved 1048576K
}
Event: 539.104 GC heap before
{Heap before GC invocations=99 (full 9):
 PSYoungGen      total 453632K, used 8259K [0x00000000d6780000, 0x0000000100000000, 0x0000000100000000)
  eden space 226816K, 0% used [0x00000000d6780000,0x00000000d6780000,0x00000000e4500000)
  from space 226816K, 3% used [0x00000000f2280000,0x00000000f2a90ef0,0x0000000100000000)
  to   space 226816K, 0% used [0x00000000e4500000,0x00000000e4500000,0x00000000f2280000)
 ParOldGen       total 975872K, used 912729K [0x0000000083600000, 0x00000000bef00000, 0x00000000d6780000)
  object space 975872K, 93% used [0x0000000083600000,0x00000000bb156698,0x00000000bef00000)
 Metaspace       used 358206K, capacity 484088K, committed 484140K, reserved 1396736K
  class space    used 94437K, capacity 136502K, committed 136544K, reserved 1048576K

