# JRE version: Java(TM) SE Runtime Environment (8.0_101-b13) (build 1.8.0_101-b13)
# Java VM: Java HotSpot(TM) 64-Bit Server VM (25.101-b13 mixed mode linux-amd64 compressed oops)
Heap:
 PSYoungGen      total 453632K, used 34411K [0x00000000d6780000, 0x0000000100000000, 0x0000000100000000)
  eden space 226816K, 0% used [0x00000000d6780000,0x00000000d6780000,0x00000000e4500000)
  from space 226816K, 15% used [0x00000000e4500000,0x00000000e669aeb0,0x00000000f2280000)
  to   space 226816K, 0% used [0x00000000f2280000,0x00000000f2280000,0x0000000100000000)
 ParOldGen       total 837632K, used 837622K [0x0000000083600000, 0x00000000b6800000, 0x00000000d6780000)
  object space 837632K, 99% used [0x0000000083600000,0x00000000b67fdb28,0x00000000b6800000)
 Metaspace       used 267916K, capacity 361277K, committed 361408K, reserved 1310720K
  class space    used 70376K, capacity 100855K, committed 100864K, reserved 1048576K
GC Heap History (10 events):
Event: 351.277 GC heap after
Heap after GC invocations=77 (full 8):
 PSYoungGen      total 496640K, used 103509K [0x00000000d6780000, 0x0000000100000000, 0x0000000100000000)
  eden space 312832K, 0% used [0x00000000d6780000,0x00000000d6780000,0x00000000e9900000)
  from space 183808K, 56% used [0x00000000e9900000,0x00000000efe15580,0x00000000f4c80000)
  to   space 183808K, 0% used [0x00000000f4c80000,0x00000000f4c80000,0x0000000100000000)
 ParOldGen       total 837632K, used 677469K [0x0000000083600000, 0x00000000b6800000, 0x00000000d6780000)
  object space 837632K, 80% used [0x0000000083600000,0x00000000acb97698,0x00000000b6800000)
 Metaspace       used 267916K, capacity 361277K, committed 361408K, reserved 1310720K
  class space    used 70376K, capacity 100855K, committed 100864K, reserved 1048576K
}
Event: 353.356 GC heap before
{Heap before GC invocations=78 (full 8):
 PSYoungGen      total 496640K, used 416341K [0x00000000d6780000, 0x0000000100000000, 0x0000000100000000)
  eden space 312832K, 100% used [0x00000000d6780000,0x00000000e9900000,0x00000000e9900000)
  from space 183808K, 56% used [0x00000000e9900000,0x00000000efe15580,0x00000000f4c80000)
  to   space 183808K, 0% used [0x00000000f4c80000,0x00000000f4c80000,0x0000000100000000)
 ParOldGen       total 837632K, used 677469K [0x0000000083600000, 0x00000000b6800000, 0x00000000d6780000)
  object space 837632K, 80% used [0x0000000083600000,0x00000000acb97698,0x00000000b6800000)
 Metaspace       used 267916K, capacity 361277K, committed 361408K, reserved 1310720K
  class space    used 70376K, capacity 100855K, committed 100864K, reserved 1048576K
Event: 353.407 GC heap after
Heap after GC invocations=78 (full 8):
 PSYoungGen      total 473088K, used 136361K [0x00000000d6780000, 0x0000000100000000, 0x0000000100000000)
  eden space 289280K, 0% used [0x00000000d6780000,0x00000000d6780000,0x00000000e8200000)
  from space 183808K, 74% used [0x00000000f4c80000,0x00000000fd1aa4e8,0x0000000100000000)
  to   space 195584K, 0% used [0x00000000e8200000,0x00000000e8200000,0x00000000f4100000)
 ParOldGen       total 837632K, used 677469K [0x0000000083600000, 0x00000000b6800000, 0x00000000d6780000)
  object space 837632K, 80% used [0x0000000083600000,0x00000000acb97698,0x00000000b6800000)
 Metaspace       used 267916K, capacity 361277K, committed 361408K, reserved 1310720K
  class space    used 70376K, capacity 100855K, committed 100864K, reserved 1048576K
}
Event: 354.996 GC heap before
{Heap before GC invocations=79 (full 8):
 PSYoungGen      total 473088K, used 425641K [0x00000000d6780000, 0x0000000100000000, 0x0000000100000000)
  eden space 289280K, 100% used [0x00000000d6780000,0x00000000e8200000,0x00000000e8200000)
  from space 183808K, 74% used [0x00000000f4c80000,0x00000000fd1aa4e8,0x0000000100000000)
  to   space 195584K, 0% used [0x00000000e8200000,0x00000000e8200000,0x00000000f4100000)
 ParOldGen       total 837632K, used 677469K [0x0000000083600000, 0x00000000b6800000, 0x00000000d6780000)
  object space 837632K, 80% used [0x0000000083600000,0x00000000acb97698,0x00000000b6800000)
 Metaspace       used 267916K, capacity 361277K, committed 361408K, reserved 1310720K
  class space    used 70376K, capacity 100855K, committed 100864K, reserved 1048576K
Event: 355.050 GC heap after
Heap after GC invocations=79 (full 8):
 PSYoungGen      total 450048K, used 160324K [0x00000000d6780000, 0x0000000100000000, 0x0000000100000000)
  eden space 289280K, 0% used [0x00000000d6780000,0x00000000d6780000,0x00000000e8200000)
  from space 160768K, 99% used [0x00000000e8200000,0x00000000f1e913f8,0x00000000f1f00000)
  to   space 213504K, 0% used [0x00000000f2f80000,0x00000000f2f80000,0x0000000100000000)
 ParOldGen       total 837632K, used 677477K [0x0000000083600000, 0x00000000b6800000, 0x00000000d6780000)
  object space 837632K, 80% used [0x0000000083600000,0x00000000acb99698,0x00000000b6800000)
 Metaspace       used 267916K, capacity 361277K, committed 361408K, reserved 1310720K
  class space    used 70376K, capacity 100855K, committed 100864K, reserved 1048576K
}
Event: 356.746 GC heap before
{Heap before GC invocations=80 (full 8):
 PSYoungGen      total 450048K, used 449604K [0x00000000d6780000, 0x0000000100000000, 0x0000000100000000)
  eden space 289280K, 100% used [0x00000000d6780000,0x00000000e8200000,0x00000000e8200000)
  from space 160768K, 99% used [0x00000000e8200000,0x00000000f1e913f8,0x00000000f1f00000)
  to   space 213504K, 0% used [0x00000000f2f80000,0x00000000f2f80000,0x0000000100000000)
 ParOldGen       total 837632K, used 677477K [0x0000000083600000, 0x00000000b6800000, 0x00000000d6780000)
  object space 837632K, 80% used [0x0000000083600000,0x00000000acb99698,0x00000000b6800000)
 Metaspace       used 267916K, capacity 361277K, committed 361408K, reserved 1310720K
  class space    used 70376K, capacity 100855K, committed 100864K, reserved 1048576K
Event: 356.811 GC heap after
Heap after GC invocations=80 (full 8):
 PSYoungGen      total 440320K, used 184142K [0x00000000d6780000, 0x0000000100000000, 0x0000000100000000)
  eden space 226816K, 0% used [0x00000000d6780000,0x00000000d6780000,0x00000000e4500000)
  from space 213504K, 86% used [0x00000000f2f80000,0x00000000fe353960,0x0000000100000000)
  to   space 226816K, 0% used [0x00000000e4500000,0x00000000e4500000,0x00000000f2280000)
 ParOldGen       total 837632K, used 677477K [0x0000000083600000, 0x00000000b6800000, 0x00000000d6780000)
  object space 837632K, 80% used [0x0000000083600000,0x00000000acb99698,0x00000000b6800000)
 Metaspace       used 267916K, capacity 361277K, committed 361408K, reserved 1310720K
  class space    used 70376K, capacity 100855K, committed 100864K, reserved 1048576K
}
Event: 358.082 GC heap before
{Heap before GC invocations=81 (full 8):
 PSYoungGen      total 440320K, used 410958K [0x00000000d6780000, 0x0000000100000000, 0x0000000100000000)
  eden space 226816K, 100% used [0x00000000d6780000,0x00000000e4500000,0x00000000e4500000)
  from space 213504K, 86% used [0x00000000f2f80000,0x00000000fe353960,0x0000000100000000)
  to   space 226816K, 0% used [0x00000000e4500000,0x00000000e4500000,0x00000000f2280000)
 ParOldGen       total 837632K, used 677477K [0x0000000083600000, 0x00000000b6800000, 0x00000000d6780000)
  object space 837632K, 80% used [0x0000000083600000,0x00000000acb99698,0x00000000b6800000)
 Metaspace       used 267916K, capacity 361277K, committed 361408K, reserved 1310720K
  class space    used 70376K, capacity 100855K, committed 100864K, reserved 1048576K
Event: 358.169 GC heap after
Heap after GC invocations=81 (full 8):
 PSYoungGen      total 453632K, used 124455K [0x00000000d6780000, 0x0000000100000000, 0x0000000100000000)
  eden space 226816K, 0% used [0x00000000d6780000,0x00000000d6780000,0x00000000e4500000)
  from space 226816K, 54% used [0x00000000e4500000,0x00000000ebe89e00,0x00000000f2280000)
  to   space 226816K, 0% used [0x00000000f2280000,0x00000000f2280000,0x0000000100000000)
 ParOldGen       total 837632K, used 752021K [0x0000000083600000, 0x00000000b6800000, 0x00000000d6780000)
  object space 837632K, 89% used [0x0000000083600000,0x00000000b14657d8,0x00000000b6800000)
 Metaspace       used 267916K, capacity 361277K, committed 361408K, reserved 1310720K
  class space    used 70376K, capacity 100855K, committed 100864K, reserved 1048576K
}
Event: 358.169 GC heap before
{Heap before GC invocations=82 (full 9):
 PSYoungGen      total 453632K, used 124455K [0x00000000d6780000, 0x0000000100000000, 0x0000000100000000)
  eden space 226816K, 0% used [0x00000000d6780000,0x00000000d6780000,0x00000000e4500000)
  from space 226816K, 54% used [0x00000000e4500000,0x00000000ebe89e00,0x00000000f2280000)
  to   space 226816K, 0% used [0x00000000f2280000,0x00000000f2280000,0x0000000100000000)
 ParOldGen       total 837632K, used 752021K [0x0000000083600000, 0x00000000b6800000, 0x00000000d6780000)
  object space 837632K, 89% used [0x0000000083600000,0x00000000b14657d8,0x00000000b6800000)
 Metaspace       used 267916K, capacity 361277K, committed 361408K, reserved 1310720K
  class space    used 70376K, capacity 100855K, committed 100864K, reserved 1048576K

